To execute the default application inside the container, run:
singularity run --nv $CONTAINERDIR/pytorch-1.10.0.sif

Train Epoch: 1 [0/60000 (0%)]	Loss: 2.289380
Train Epoch: 1 [6400/60000 (11%)]	Loss: 1.668930
Train Epoch: 1 [12800/60000 (21%)]	Loss: 0.725331
Train Epoch: 1 [19200/60000 (32%)]	Loss: 0.706815
Train Epoch: 1 [25600/60000 (43%)]	Loss: 0.743245
Train Epoch: 1 [32000/60000 (53%)]	Loss: 0.652200
Train Epoch: 1 [38400/60000 (64%)]	Loss: 0.479202
Train Epoch: 1 [44800/60000 (75%)]	Loss: 0.563527
Train Epoch: 1 [51200/60000 (85%)]	Loss: 0.538360
Train Epoch: 1 [57600/60000 (96%)]	Loss: 0.441542

Test set: Average loss: 0.2988, Accuracy: 9167/10000 (92%)

Train Epoch: 2 [0/60000 (0%)]	Loss: 0.361244
Train Epoch: 2 [6400/60000 (11%)]	Loss: 0.432144
Train Epoch: 2 [12800/60000 (21%)]	Loss: 0.244462
Train Epoch: 2 [19200/60000 (32%)]	Loss: 0.283642
Train Epoch: 2 [25600/60000 (43%)]	Loss: 0.209978
Train Epoch: 2 [32000/60000 (53%)]	Loss: 0.235192
Train Epoch: 2 [38400/60000 (64%)]	Loss: 0.268752
Train Epoch: 2 [44800/60000 (75%)]	Loss: 0.374866
Train Epoch: 2 [51200/60000 (85%)]	Loss: 0.160035
Train Epoch: 2 [57600/60000 (96%)]	Loss: 0.385065

Test set: Average loss: 0.2429, Accuracy: 9285/10000 (93%)

Train Epoch: 3 [0/60000 (0%)]	Loss: 0.602346
Train Epoch: 3 [6400/60000 (11%)]	Loss: 0.275489
Train Epoch: 3 [12800/60000 (21%)]	Loss: 0.266325
Train Epoch: 3 [19200/60000 (32%)]	Loss: 0.295281
Train Epoch: 3 [25600/60000 (43%)]	Loss: 0.259396
Train Epoch: 3 [32000/60000 (53%)]	Loss: 0.575598
Train Epoch: 3 [38400/60000 (64%)]	Loss: 0.150354
Train Epoch: 3 [44800/60000 (75%)]	Loss: 0.306666
Train Epoch: 3 [51200/60000 (85%)]	Loss: 0.413837
Train Epoch: 3 [57600/60000 (96%)]	Loss: 0.272807

Test set: Average loss: 0.2146, Accuracy: 9365/10000 (94%)

Train Epoch: 4 [0/60000 (0%)]	Loss: 0.219059
Train Epoch: 4 [6400/60000 (11%)]	Loss: 0.383108
Train Epoch: 4 [12800/60000 (21%)]	Loss: 0.280839
Train Epoch: 4 [19200/60000 (32%)]	Loss: 0.400397
Train Epoch: 4 [25600/60000 (43%)]	Loss: 0.309177
Train Epoch: 4 [32000/60000 (53%)]	Loss: 0.304719
Train Epoch: 4 [38400/60000 (64%)]	Loss: 0.442558
Train Epoch: 4 [44800/60000 (75%)]	Loss: 0.156132
Train Epoch: 4 [51200/60000 (85%)]	Loss: 0.346297
Train Epoch: 4 [57600/60000 (96%)]	Loss: 0.459332

Test set: Average loss: 0.2013, Accuracy: 9408/10000 (94%)

Train Epoch: 5 [0/60000 (0%)]	Loss: 0.276569
Train Epoch: 5 [6400/60000 (11%)]	Loss: 0.352348
Train Epoch: 5 [12800/60000 (21%)]	Loss: 0.346432
Train Epoch: 5 [19200/60000 (32%)]	Loss: 0.337398
Train Epoch: 5 [25600/60000 (43%)]	Loss: 0.170547
Train Epoch: 5 [32000/60000 (53%)]	Loss: 0.253773
Train Epoch: 5 [38400/60000 (64%)]	Loss: 0.160782
Train Epoch: 5 [44800/60000 (75%)]	Loss: 0.435796
Train Epoch: 5 [51200/60000 (85%)]	Loss: 0.394915
Train Epoch: 5 [57600/60000 (96%)]	Loss: 0.556669

Test set: Average loss: 0.1912, Accuracy: 9437/10000 (94%)

Train Epoch: 6 [0/60000 (0%)]	Loss: 0.362156
Train Epoch: 6 [6400/60000 (11%)]	Loss: 0.197432
Train Epoch: 6 [12800/60000 (21%)]	Loss: 0.368346
Train Epoch: 6 [19200/60000 (32%)]	Loss: 0.487723
Train Epoch: 6 [25600/60000 (43%)]	Loss: 0.455410
Train Epoch: 6 [32000/60000 (53%)]	Loss: 0.117802
Train Epoch: 6 [38400/60000 (64%)]	Loss: 0.251165
Train Epoch: 6 [44800/60000 (75%)]	Loss: 0.170309
Train Epoch: 6 [51200/60000 (85%)]	Loss: 0.408170
Train Epoch: 6 [57600/60000 (96%)]	Loss: 0.283210

Test set: Average loss: 0.1854, Accuracy: 9452/10000 (95%)

Train Epoch: 7 [0/60000 (0%)]	Loss: 0.292429
Train Epoch: 7 [6400/60000 (11%)]	Loss: 0.128422
Train Epoch: 7 [12800/60000 (21%)]	Loss: 0.238218
Train Epoch: 7 [19200/60000 (32%)]	Loss: 0.324039
Train Epoch: 7 [25600/60000 (43%)]	Loss: 0.303672
Train Epoch: 7 [32000/60000 (53%)]	Loss: 0.281337
Train Epoch: 7 [38400/60000 (64%)]	Loss: 0.324032
Train Epoch: 7 [44800/60000 (75%)]	Loss: 0.275499
Train Epoch: 7 [51200/60000 (85%)]	Loss: 0.247184
Train Epoch: 7 [57600/60000 (96%)]	Loss: 0.431040

Test set: Average loss: 0.1820, Accuracy: 9459/10000 (95%)

Train Epoch: 8 [0/60000 (0%)]	Loss: 0.212418
Train Epoch: 8 [6400/60000 (11%)]	Loss: 0.287793
Train Epoch: 8 [12800/60000 (21%)]	Loss: 0.310420
Train Epoch: 8 [19200/60000 (32%)]	Loss: 0.140934
Train Epoch: 8 [25600/60000 (43%)]	Loss: 0.382477
Train Epoch: 8 [32000/60000 (53%)]	Loss: 0.174130
Train Epoch: 8 [38400/60000 (64%)]	Loss: 0.336329
Train Epoch: 8 [44800/60000 (75%)]	Loss: 0.496643
Train Epoch: 8 [51200/60000 (85%)]	Loss: 0.353086
Train Epoch: 8 [57600/60000 (96%)]	Loss: 0.174057

Test set: Average loss: 0.1788, Accuracy: 9483/10000 (95%)

Train Epoch: 9 [0/60000 (0%)]	Loss: 0.284788
Train Epoch: 9 [6400/60000 (11%)]	Loss: 0.305366
Train Epoch: 9 [12800/60000 (21%)]	Loss: 0.421289
Train Epoch: 9 [19200/60000 (32%)]	Loss: 0.279482
Train Epoch: 9 [25600/60000 (43%)]	Loss: 0.323705
Train Epoch: 9 [32000/60000 (53%)]	Loss: 0.253128
Train Epoch: 9 [38400/60000 (64%)]	Loss: 0.244757
Train Epoch: 9 [44800/60000 (75%)]	Loss: 0.157217
Train Epoch: 9 [51200/60000 (85%)]	Loss: 0.164627
Train Epoch: 9 [57600/60000 (96%)]	Loss: 0.161632

Test set: Average loss: 0.1774, Accuracy: 9478/10000 (95%)

Train Epoch: 10 [0/60000 (0%)]	Loss: 0.283123
Train Epoch: 10 [6400/60000 (11%)]	Loss: 0.113970
Train Epoch: 10 [12800/60000 (21%)]	Loss: 0.402781
Train Epoch: 10 [19200/60000 (32%)]	Loss: 0.187834
Train Epoch: 10 [25600/60000 (43%)]	Loss: 0.223180
Train Epoch: 10 [32000/60000 (53%)]	Loss: 0.315938
Train Epoch: 10 [38400/60000 (64%)]	Loss: 0.361333
Train Epoch: 10 [44800/60000 (75%)]	Loss: 0.250612
Train Epoch: 10 [51200/60000 (85%)]	Loss: 0.155287
Train Epoch: 10 [57600/60000 (96%)]	Loss: 0.432656

Test set: Average loss: 0.1759, Accuracy: 9489/10000 (95%)

Train Epoch: 11 [0/60000 (0%)]	Loss: 0.416313
Train Epoch: 11 [6400/60000 (11%)]	Loss: 0.362812
Train Epoch: 11 [12800/60000 (21%)]	Loss: 0.146765
Train Epoch: 11 [19200/60000 (32%)]	Loss: 0.263888
Train Epoch: 11 [25600/60000 (43%)]	Loss: 0.201076
Train Epoch: 11 [32000/60000 (53%)]	Loss: 0.397696
Train Epoch: 11 [38400/60000 (64%)]	Loss: 0.154196
Train Epoch: 11 [44800/60000 (75%)]	Loss: 0.168396
Train Epoch: 11 [51200/60000 (85%)]	Loss: 0.240024
Train Epoch: 11 [57600/60000 (96%)]	Loss: 0.262565

Test set: Average loss: 0.1752, Accuracy: 9486/10000 (95%)

Train Epoch: 12 [0/60000 (0%)]	Loss: 0.343937
Train Epoch: 12 [6400/60000 (11%)]	Loss: 0.220842
Train Epoch: 12 [12800/60000 (21%)]	Loss: 0.307000
Train Epoch: 12 [19200/60000 (32%)]	Loss: 0.319673
Train Epoch: 12 [25600/60000 (43%)]	Loss: 0.153103
Train Epoch: 12 [32000/60000 (53%)]	Loss: 0.112747
Train Epoch: 12 [38400/60000 (64%)]	Loss: 0.138234
Train Epoch: 12 [44800/60000 (75%)]	Loss: 0.292120
Train Epoch: 12 [51200/60000 (85%)]	Loss: 0.401608
Train Epoch: 12 [57600/60000 (96%)]	Loss: 0.167734

Test set: Average loss: 0.1747, Accuracy: 9488/10000 (95%)

Train Epoch: 13 [0/60000 (0%)]	Loss: 0.239698
Train Epoch: 13 [6400/60000 (11%)]	Loss: 0.155084
Train Epoch: 13 [12800/60000 (21%)]	Loss: 0.288752
Train Epoch: 13 [19200/60000 (32%)]	Loss: 0.285814
Train Epoch: 13 [25600/60000 (43%)]	Loss: 0.174476
Train Epoch: 13 [32000/60000 (53%)]	Loss: 0.278326
Train Epoch: 13 [38400/60000 (64%)]	Loss: 0.133182
Train Epoch: 13 [44800/60000 (75%)]	Loss: 0.300583
Train Epoch: 13 [51200/60000 (85%)]	Loss: 0.259858
Train Epoch: 13 [57600/60000 (96%)]	Loss: 0.243785

Test set: Average loss: 0.1742, Accuracy: 9485/10000 (95%)

Train Epoch: 14 [0/60000 (0%)]	Loss: 0.176183
Train Epoch: 14 [6400/60000 (11%)]	Loss: 0.284190
Train Epoch: 14 [12800/60000 (21%)]	Loss: 0.303028
Train Epoch: 14 [19200/60000 (32%)]	Loss: 0.412944
Train Epoch: 14 [25600/60000 (43%)]	Loss: 0.419455
Train Epoch: 14 [32000/60000 (53%)]	Loss: 0.362230
Train Epoch: 14 [38400/60000 (64%)]	Loss: 0.376047
Train Epoch: 14 [44800/60000 (75%)]	Loss: 0.232102
Train Epoch: 14 [51200/60000 (85%)]	Loss: 0.152406
Train Epoch: 14 [57600/60000 (96%)]	Loss: 0.492632

Test set: Average loss: 0.1739, Accuracy: 9485/10000 (95%)

Train Epoch: 15 [0/60000 (0%)]	Loss: 0.423152
Train Epoch: 15 [6400/60000 (11%)]	Loss: 0.188306
Train Epoch: 15 [12800/60000 (21%)]	Loss: 0.203354
Train Epoch: 15 [19200/60000 (32%)]	Loss: 0.273450
Train Epoch: 15 [25600/60000 (43%)]	Loss: 0.210284
Train Epoch: 15 [32000/60000 (53%)]	Loss: 0.140271
Train Epoch: 15 [38400/60000 (64%)]	Loss: 0.173329
Train Epoch: 15 [44800/60000 (75%)]	Loss: 0.214504
Train Epoch: 15 [51200/60000 (85%)]	Loss: 0.251374
Train Epoch: 15 [57600/60000 (96%)]	Loss: 0.135000

Test set: Average loss: 0.1737, Accuracy: 9486/10000 (95%)

Train Epoch: 16 [0/60000 (0%)]	Loss: 0.154808
Train Epoch: 16 [6400/60000 (11%)]	Loss: 0.422701
Train Epoch: 16 [12800/60000 (21%)]	Loss: 0.208459
Train Epoch: 16 [19200/60000 (32%)]	Loss: 0.289226
Train Epoch: 16 [25600/60000 (43%)]	Loss: 0.328129
Train Epoch: 16 [32000/60000 (53%)]	Loss: 0.199719
Train Epoch: 16 [38400/60000 (64%)]	Loss: 0.271425
Train Epoch: 16 [44800/60000 (75%)]	Loss: 0.186644
Train Epoch: 16 [51200/60000 (85%)]	Loss: 0.132880
Train Epoch: 16 [57600/60000 (96%)]	Loss: 0.257472

Test set: Average loss: 0.1736, Accuracy: 9486/10000 (95%)

Train Epoch: 17 [0/60000 (0%)]	Loss: 0.355892
Train Epoch: 17 [6400/60000 (11%)]	Loss: 0.191227
Train Epoch: 17 [12800/60000 (21%)]	Loss: 0.352332
Train Epoch: 17 [19200/60000 (32%)]	Loss: 0.268076
Train Epoch: 17 [25600/60000 (43%)]	Loss: 0.445809
Train Epoch: 17 [32000/60000 (53%)]	Loss: 0.083160
Train Epoch: 17 [38400/60000 (64%)]	Loss: 0.351337
Train Epoch: 17 [44800/60000 (75%)]	Loss: 0.152775
Train Epoch: 17 [51200/60000 (85%)]	Loss: 0.156597
Train Epoch: 17 [57600/60000 (96%)]	Loss: 0.273170

Test set: Average loss: 0.1735, Accuracy: 9486/10000 (95%)

Train Epoch: 18 [0/60000 (0%)]	Loss: 0.187103
Train Epoch: 18 [6400/60000 (11%)]	Loss: 0.232085
Train Epoch: 18 [12800/60000 (21%)]	Loss: 0.389861
Train Epoch: 18 [19200/60000 (32%)]	Loss: 0.280074
Train Epoch: 18 [25600/60000 (43%)]	Loss: 0.157198
Train Epoch: 18 [32000/60000 (53%)]	Loss: 0.348138
Train Epoch: 18 [38400/60000 (64%)]	Loss: 0.178667
Train Epoch: 18 [44800/60000 (75%)]	Loss: 0.147286
Train Epoch: 18 [51200/60000 (85%)]	Loss: 0.248616
Train Epoch: 18 [57600/60000 (96%)]	Loss: 0.169334

Test set: Average loss: 0.1734, Accuracy: 9486/10000 (95%)

Train Epoch: 19 [0/60000 (0%)]	Loss: 0.255241
Train Epoch: 19 [6400/60000 (11%)]	Loss: 0.296609
Train Epoch: 19 [12800/60000 (21%)]	Loss: 0.113185
Train Epoch: 19 [19200/60000 (32%)]	Loss: 0.294280
Train Epoch: 19 [25600/60000 (43%)]	Loss: 0.190615
Train Epoch: 19 [32000/60000 (53%)]	Loss: 0.215074
Train Epoch: 19 [38400/60000 (64%)]	Loss: 0.215881
Train Epoch: 19 [44800/60000 (75%)]	Loss: 0.329389
Train Epoch: 19 [51200/60000 (85%)]	Loss: 0.144355
Train Epoch: 19 [57600/60000 (96%)]	Loss: 0.299807

Test set: Average loss: 0.1734, Accuracy: 9487/10000 (95%)

Train Epoch: 20 [0/60000 (0%)]	Loss: 0.273943
Train Epoch: 20 [6400/60000 (11%)]	Loss: 0.149821
Train Epoch: 20 [12800/60000 (21%)]	Loss: 0.529489
Train Epoch: 20 [19200/60000 (32%)]	Loss: 0.201962
Train Epoch: 20 [25600/60000 (43%)]	Loss: 0.188563
Train Epoch: 20 [32000/60000 (53%)]	Loss: 0.507779
Train Epoch: 20 [38400/60000 (64%)]	Loss: 0.308509
Train Epoch: 20 [44800/60000 (75%)]	Loss: 0.176162
Train Epoch: 20 [51200/60000 (85%)]	Loss: 0.272542
Train Epoch: 20 [57600/60000 (96%)]	Loss: 0.202208

Test set: Average loss: 0.1733, Accuracy: 9489/10000 (95%)


Test set: Average loss: 0.1733, Accuracy: 9489/10000 (95%)

Time Elapsed:2.1238886029459536

Test set: Average loss: 0.1733, Accuracy: 9489/10000 (95%)

Time Elapsed:2.033871265128255

Test set: Average loss: 0.1733, Accuracy: 9489/10000 (95%)

Time Elapsed:2.0083722416311502

Test set: Average loss: 0.1733, Accuracy: 9489/10000 (95%)

Time Elapsed:2.009404963813722

Test set: Average loss: 0.1733, Accuracy: 9489/10000 (95%)

Time Elapsed:2.024468582123518

Test set: Average loss: 0.1733, Accuracy: 9489/10000 (95%)

Time Elapsed:2.0007512662559748

Test set: Average loss: 0.1733, Accuracy: 9489/10000 (95%)

Time Elapsed:2.032023696694523

Test set: Average loss: 0.1733, Accuracy: 9489/10000 (95%)

Time Elapsed:1.9968248433433473

Test set: Average loss: 0.1733, Accuracy: 9489/10000 (95%)

Time Elapsed:2.0027225171215832

Test set: Average loss: 0.1733, Accuracy: 9489/10000 (95%)

Time Elapsed:2.0027841557748616
